{
  "RSpec": {
    "coverage": {
      "/Users/yukimura1227/projects/activity_meter/spec/controllers/blogs_controller_spec.rb": [
        1,
        null,
        null,
        null,
        null,
        null,
        null,
        null,
        null,
        null,
        null,
        null,
        null,
        null,
        null,
        null,
        null,
        null,
        null,
        null,
        null,
        null,
        null,
        null,
        null,
        1,
        null,
        null,
        null,
        null,
        1,
        10,
        null,
        null,
        1,
        1,
        null,
        null,
        null,
        null,
        null,
        2,
        null,
        1,
        1,
        1,
        0,
        0,
        null,
        null,
        null,
        1,
        1,
        1,
        0,
        0,
        null,
        null,
        null,
        1,
        1,
        1,
        1,
        null,
        null,
        null,
        1,
        1,
        1,
        0,
        0,
        null,
        null,
        null,
        1,
        1,
        1,
        1,
        1,
        null,
        null,
        null,
        1,
        1,
        0,
        null,
        null,
        null,
        1,
        1,
        1,
        0,
        null,
        null,
        null,
        null,
        1,
        1,
        1,
        0,
        null,
        null,
        1,
        1,
        0,
        0,
        0,
        null,
        null,
        1,
        1,
        0,
        0,
        null,
        null,
        null,
        1,
        1,
        1,
        0,
        0,
        null,
        null,
        null,
        null,
        1,
        1,
        1,
        0,
        0,
        null,
        null,
        null,
        1,
        1,
        0,
        0,
        null,
        null,
        null,
        null
      ],
      "/Users/yukimura1227/projects/activity_meter/spec/rails_helper.rb": [
        null,
        1,
        1,
        null,
        1,
        null,
        null,
        1,
        1,
        1,
        1,
        null,
        null,
        null,
        null,
        null,
        null,
        null,
        null,
        null,
        null,
        null,
        null,
        null,
        null,
        null,
        null,
        null,
        null,
        null,
        null,
        1,
        null,
        0,
        0,
        null,
        1,
        1,
        1,
        1,
        1,
        null,
        null,
        1,
        1,
        0,
        null,
        null,
        null,
        null,
        null,
        null,
        null,
        null,
        null,
        null,
        1,
        null,
        null,
        1,
        30,
        null,
        null,
        1,
        null,
        null,
        6,
        null,
        6,
        null,
        null,
        null,
        4,
        null,
        null,
        null,
        1,
        30,
        null,
        null,
        1,
        30,
        null,
        null,
        1,
        null,
        null,
        null,
        null,
        1,
        null,
        null,
        null,
        null,
        null,
        null,
        null,
        null,
        null,
        null,
        null,
        null,
        null,
        null,
        1,
        null,
        null,
        1,
        null,
        null,
        null,
        null,
        1,
        0,
        null
      ],
      "/Users/yukimura1227/projects/activity_meter/config/environment.rb": [
        null,
        1,
        null,
        null,
        1
      ],
      "/Users/yukimura1227/projects/activity_meter/config/application.rb": [
        1,
        null,
        1,
        null,
        null,
        null,
        1,
        null,
        1,
        1,
        null,
        1,
        1,
        null,
        null,
        null,
        null,
        null,
        null,
        1,
        null,
        1,
        null,
        null,
        null,
        null,
        null,
        null,
        null
      ],
      "/Users/yukimura1227/projects/activity_meter/config/boot.rb": [
        1,
        null,
        1,
        1
      ],
      "/Users/yukimura1227/projects/activity_meter/config/environments/test.rb": [
        1,
        null,
        null,
        null,
        null,
        null,
        null,
        1,
        null,
        null,
        null,
        null,
        1,
        null,
        null,
        1,
        1,
        null,
        null,
        null,
        null,
        1,
        1,
        null,
        null,
        1,
        null,
        null,
        1,
        null,
        null,
        1,
        null,
        1,
        null,
        null,
        null,
        null,
        1,
        null,
        null,
        1,
        null,
        null,
        null,
        null
      ],
      "/Users/yukimura1227/projects/activity_meter/config/initializers/application_controller_renderer.rb": [
        null,
        null,
        null,
        null,
        null,
        null,
        null,
        null
      ],
      "/Users/yukimura1227/projects/activity_meter/config/initializers/assets.rb": [
        null,
        null,
        null,
        1,
        null,
        null,
        null,
        null,
        1,
        null,
        null,
        null,
        null,
        null
      ],
      "/Users/yukimura1227/projects/activity_meter/config/initializers/backtrace_silencers.rb": [
        null,
        null,
        null,
        null,
        null,
        null,
        null
      ],
      "/Users/yukimura1227/projects/activity_meter/config/initializers/content_security_policy.rb": [
        null,
        null,
        null,
        null,
        null,
        null,
        null,
        null,
        null,
        null,
        null,
        null,
        null,
        null,
        null,
        null,
        null,
        null,
        null,
        null,
        null,
        null,
        null,
        null,
        null
      ],
      "/Users/yukimura1227/projects/activity_meter/config/initializers/cookies_serializer.rb": [
        null,
        null,
        null,
        null,
        1
      ],
      "/Users/yukimura1227/projects/activity_meter/config/initializers/filter_parameter_logging.rb": [
        null,
        null,
        null,
        1
      ],
      "/Users/yukimura1227/projects/activity_meter/config/initializers/inflections.rb": [
        null,
        null,
        null,
        null,
        null,
        null,
        null,
        null,
        null,
        null,
        null,
        null,
        null,
        null,
        null,
        null
      ],
      "/Users/yukimura1227/projects/activity_meter/config/initializers/mime_types.rb": [
        null,
        null,
        null,
        null
      ],
      "/Users/yukimura1227/projects/activity_meter/config/initializers/wrap_parameters.rb": [
        null,
        null,
        null,
        null,
        null,
        null,
        1,
        2,
        null,
        null,
        null,
        null,
        null,
        null
      ],
      "/Users/yukimura1227/projects/activity_meter/spec/factories/blogs.rb": [
        1,
        1,
        1,
        1,
        null,
        null
      ],
      "/Users/yukimura1227/projects/activity_meter/spec/factories/comments.rb": [
        1,
        1,
        1,
        1,
        null,
        null
      ],
      "/Users/yukimura1227/projects/activity_meter/config/routes.rb": [
        1,
        1,
        1,
        null,
        null
      ],
      "/Users/yukimura1227/projects/activity_meter/app/helpers/application_helper.rb": [
        1,
        null
      ],
      "/Users/yukimura1227/projects/activity_meter/app/helpers/blogs_helper.rb": [
        1,
        null
      ],
      "/Users/yukimura1227/projects/activity_meter/app/helpers/comments_helper.rb": [
        1,
        null
      ],
      "/Users/yukimura1227/projects/activity_meter/app/controllers/blogs_controller.rb": [
        1,
        1,
        null,
        null,
        null,
        1,
        5,
        null,
        null,
        null,
        null,
        1,
        null,
        null,
        null,
        1,
        4,
        null,
        null,
        null,
        1,
        null,
        null,
        null,
        null,
        1,
        3,
        null,
        3,
        3,
        6,
        3,
        null,
        0,
        0,
        null,
        null,
        null,
        null,
        null,
        null,
        1,
        0,
        0,
        0,
        0,
        null,
        0,
        0,
        null,
        null,
        null,
        null,
        null,
        null,
        1,
        0,
        0,
        0,
        0,
        null,
        null,
        null,
        1,
        null,
        1,
        3,
        null,
        null,
        null,
        1,
        3,
        null,
        null
      ],
      "/Users/yukimura1227/projects/activity_meter/app/controllers/application_controller.rb": [
        1,
        null
      ],
      "/Users/yukimura1227/projects/activity_meter/spec/controllers/comments_controller_spec.rb": [
        1,
        null,
        null,
        null,
        null,
        null,
        null,
        null,
        null,
        null,
        null,
        null,
        null,
        null,
        null,
        null,
        null,
        null,
        null,
        null,
        null,
        null,
        null,
        null,
        null,
        1,
        null,
        null,
        null,
        null,
        1,
        10,
        null,
        null,
        1,
        1,
        null,
        null,
        null,
        null,
        null,
        2,
        null,
        1,
        1,
        1,
        0,
        0,
        null,
        null,
        null,
        1,
        1,
        1,
        0,
        0,
        null,
        null,
        null,
        1,
        1,
        1,
        1,
        null,
        null,
        null,
        1,
        1,
        1,
        0,
        0,
        null,
        null,
        null,
        1,
        1,
        1,
        1,
        1,
        null,
        null,
        null,
        1,
        1,
        0,
        null,
        null,
        null,
        1,
        1,
        1,
        0,
        null,
        null,
        null,
        null,
        1,
        1,
        1,
        0,
        null,
        null,
        1,
        1,
        0,
        0,
        0,
        null,
        null,
        1,
        1,
        0,
        0,
        null,
        null,
        null,
        1,
        1,
        1,
        0,
        0,
        null,
        null,
        null,
        null,
        1,
        1,
        1,
        0,
        0,
        null,
        null,
        null,
        1,
        1,
        0,
        0,
        null,
        null,
        null,
        null
      ],
      "/Users/yukimura1227/projects/activity_meter/app/controllers/comments_controller.rb": [
        1,
        1,
        null,
        null,
        null,
        1,
        0,
        null,
        null,
        null,
        null,
        1,
        null,
        null,
        null,
        1,
        1,
        null,
        null,
        null,
        1,
        null,
        null,
        null,
        null,
        1,
        0,
        null,
        0,
        0,
        0,
        0,
        null,
        0,
        0,
        null,
        null,
        null,
        null,
        null,
        null,
        1,
        0,
        0,
        0,
        0,
        null,
        0,
        0,
        null,
        null,
        null,
        null,
        null,
        null,
        1,
        0,
        0,
        0,
        0,
        null,
        null,
        null,
        1,
        null,
        1,
        0,
        null,
        null,
        null,
        1,
        0,
        null,
        null
      ],
      "/Users/yukimura1227/projects/activity_meter/spec/decorators/blog_decorator_spec.rb": [
        1,
        null,
        1,
        null
      ],
      "/Users/yukimura1227/projects/activity_meter/app/decorators/blog_decorator.rb": [
        1,
        1,
        null,
        null,
        null,
        null,
        null,
        null,
        null,
        null,
        null,
        null,
        null
      ],
      "/Users/yukimura1227/projects/activity_meter/app/models/blog.rb": [
        1,
        null
      ],
      "/Users/yukimura1227/projects/activity_meter/app/models/application_record.rb": [
        1,
        1,
        null
      ],
      "/Users/yukimura1227/projects/activity_meter/spec/decorators/comment_decorator_spec.rb": [
        1,
        null,
        1,
        null
      ],
      "/Users/yukimura1227/projects/activity_meter/app/decorators/comment_decorator.rb": [
        1,
        1,
        null,
        null,
        null,
        null,
        null,
        null,
        null,
        null,
        null,
        null,
        null
      ],
      "/Users/yukimura1227/projects/activity_meter/app/models/comment.rb": [
        1,
        1,
        null
      ],
      "/Users/yukimura1227/projects/activity_meter/spec/features/blogs_spec.rb": [
        1,
        null,
        1,
        1,
        1,
        1,
        null,
        1,
        1,
        1,
        null,
        1,
        1,
        1,
        1,
        1,
        2,
        null,
        1,
        1,
        1,
        1,
        1,
        2,
        1,
        1,
        1,
        1,
        2,
        1,
        null,
        null
      ],
      "/Users/yukimura1227/projects/activity_meter/spec/features/timecop_sample_spec.rb": [
        1,
        null,
        1,
        1,
        2,
        2,
        2,
        1,
        1,
        null,
        null,
        1,
        2,
        2,
        2,
        1,
        1,
        1,
        null,
        null,
        null
      ],
      "/Users/yukimura1227/projects/activity_meter/spec/models/blog_spec.rb": [
        1,
        null,
        1,
        1,
        null
      ],
      "/Users/yukimura1227/projects/activity_meter/spec/models/comment_spec.rb": [
        1,
        null,
        1,
        1,
        null
      ]
    },
    "timestamp": 1571036564
  }
}
